{"C:\\Users\\jchar\\Desktop\\doctrina-lms2\\convex\\lessonProgress.ts": {"path":"C:\\Users\\jchar\\Desktop\\doctrina-lms2\\convex\\lessonProgress.ts","statementMap":{"0":{"start":{"line":15,"column":13},"end":{"line":74,"column":null}},"1":{"start":{"line":21,"column":19},"end":{"line":21,"column":null}},"2":{"start":{"line":22,"column":2},"end":{"line":24,"column":null}},"3":{"start":{"line":23,"column":3},"end":{"line":23,"column":null}},"4":{"start":{"line":27,"column":17},"end":{"line":27,"column":null}},"5":{"start":{"line":28,"column":2},"end":{"line":30,"column":null}},"6":{"start":{"line":29,"column":3},"end":{"line":29,"column":null}},"7":{"start":{"line":32,"column":23},"end":{"line":32,"column":null}},"8":{"start":{"line":33,"column":2},"end":{"line":35,"column":null}},"9":{"start":{"line":34,"column":3},"end":{"line":34,"column":null}},"10":{"start":{"line":37,"column":19},"end":{"line":37,"column":null}},"11":{"start":{"line":40,"column":21},"end":{"line":43,"column":null}},"12":{"start":{"line":42,"column":37},"end":{"line":42,"column":94}},"13":{"start":{"line":45,"column":2},"end":{"line":47,"column":null}},"14":{"start":{"line":46,"column":3},"end":{"line":46,"column":null}},"15":{"start":{"line":50,"column":19},"end":{"line":53,"column":null}},"16":{"start":{"line":52,"column":37},"end":{"line":52,"column":94}},"17":{"start":{"line":55,"column":2},"end":{"line":58,"column":null}},"18":{"start":{"line":57,"column":3},"end":{"line":57,"column":null}},"19":{"start":{"line":61,"column":21},"end":{"line":65,"column":null}},"20":{"start":{"line":68,"column":2},"end":{"line":70,"column":null}},"21":{"start":{"line":72,"column":2},"end":{"line":72,"column":null}},"22":{"start":{"line":84,"column":13},"end":{"line":174,"column":null}},"23":{"start":{"line":89,"column":21},"end":{"line":89,"column":null}},"24":{"start":{"line":90,"column":2},"end":{"line":92,"column":null}},"25":{"start":{"line":91,"column":3},"end":{"line":91,"column":null}},"26":{"start":{"line":94,"column":19},"end":{"line":94,"column":null}},"27":{"start":{"line":97,"column":18},"end":{"line":100,"column":null}},"28":{"start":{"line":99,"column":32},"end":{"line":99,"column":58}},"29":{"start":{"line":102,"column":24},"end":{"line":102,"column":null}},"30":{"start":{"line":102,"column":47},"end":{"line":102,"column":64}},"31":{"start":{"line":105,"column":21},"end":{"line":105,"column":null}},"32":{"start":{"line":106,"column":33},"end":{"line":106,"column":null}},"33":{"start":{"line":108,"column":2},"end":{"line":116,"column":null}},"34":{"start":{"line":109,"column":19},"end":{"line":112,"column":null}},"35":{"start":{"line":111,"column":33},"end":{"line":111,"column":67}},"36":{"start":{"line":114,"column":3},"end":{"line":114,"column":null}},"37":{"start":{"line":115,"column":3},"end":{"line":115,"column":null}},"38":{"start":{"line":115,"column":41},"end":{"line":115,"column":46}},"39":{"start":{"line":119,"column":26},"end":{"line":122,"column":null}},"40":{"start":{"line":121,"column":30},"end":{"line":121,"column":63}},"41":{"start":{"line":125,"column":29},"end":{"line":127,"column":null}},"42":{"start":{"line":126,"column":31},"end":{"line":126,"column":64}},"43":{"start":{"line":126,"column":75},"end":{"line":126,"column":85}},"44":{"start":{"line":129,"column":25},"end":{"line":129,"column":null}},"45":{"start":{"line":132,"column":26},"end":{"line":132,"column":null}},"46":{"start":{"line":135,"column":22},"end":{"line":135,"column":null}},"47":{"start":{"line":138,"column":2},"end":{"line":141,"column":null}},"48":{"start":{"line":144,"column":2},"end":{"line":170,"column":null}},"49":{"start":{"line":146,"column":18},"end":{"line":146,"column":null}},"50":{"start":{"line":147,"column":16},"end":{"line":150,"column":null}},"51":{"start":{"line":149,"column":37},"end":{"line":149,"column":74}},"52":{"start":{"line":152,"column":22},"end":{"line":157,"column":null}},"53":{"start":{"line":155,"column":39},"end":{"line":155,"column":78}},"54":{"start":{"line":159,"column":3},"end":{"line":169,"column":null}},"55":{"start":{"line":160,"column":4},"end":{"line":168,"column":null}},"56":{"start":{"line":172,"column":2},"end":{"line":172,"column":null}},"57":{"start":{"line":183,"column":13},"end":{"line":238,"column":null}},"58":{"start":{"line":187,"column":19},"end":{"line":187,"column":null}},"59":{"start":{"line":188,"column":2},"end":{"line":190,"column":null}},"60":{"start":{"line":189,"column":3},"end":{"line":189,"column":null}},"61":{"start":{"line":193,"column":21},"end":{"line":196,"column":null}},"62":{"start":{"line":195,"column":37},"end":{"line":195,"column":94}},"63":{"start":{"line":198,"column":2},"end":{"line":200,"column":null}},"64":{"start":{"line":199,"column":3},"end":{"line":199,"column":null}},"65":{"start":{"line":203,"column":18},"end":{"line":206,"column":null}},"66":{"start":{"line":205,"column":32},"end":{"line":205,"column":58}},"67":{"start":{"line":208,"column":21},"end":{"line":208,"column":null}},"68":{"start":{"line":209,"column":33},"end":{"line":209,"column":null}},"69":{"start":{"line":211,"column":2},"end":{"line":219,"column":null}},"70":{"start":{"line":212,"column":19},"end":{"line":215,"column":null}},"71":{"start":{"line":214,"column":33},"end":{"line":214,"column":67}},"72":{"start":{"line":217,"column":3},"end":{"line":217,"column":null}},"73":{"start":{"line":218,"column":3},"end":{"line":218,"column":null}},"74":{"start":{"line":218,"column":41},"end":{"line":218,"column":46}},"75":{"start":{"line":222,"column":26},"end":{"line":225,"column":null}},"76":{"start":{"line":224,"column":30},"end":{"line":224,"column":62}},"77":{"start":{"line":228,"column":29},"end":{"line":228,"column":null}},"78":{"start":{"line":228,"column":57},"end":{"line":228,"column":90}},"79":{"start":{"line":228,"column":101},"end":{"line":228,"column":111}},"80":{"start":{"line":230,"column":2},"end":{"line":236,"column":null}},"81":{"start":{"line":247,"column":13},"end":{"line":304,"column":null}},"82":{"start":{"line":251,"column":19},"end":{"line":251,"column":null}},"83":{"start":{"line":252,"column":2},"end":{"line":254,"column":null}},"84":{"start":{"line":253,"column":3},"end":{"line":253,"column":null}},"85":{"start":{"line":257,"column":18},"end":{"line":260,"column":null}},"86":{"start":{"line":259,"column":32},"end":{"line":259,"column":58}},"87":{"start":{"line":262,"column":24},"end":{"line":262,"column":null}},"88":{"start":{"line":262,"column":47},"end":{"line":262,"column":64}},"89":{"start":{"line":265,"column":2},"end":{"line":285,"column":null}},"90":{"start":{"line":266,"column":19},"end":{"line":269,"column":null}},"91":{"start":{"line":268,"column":33},"end":{"line":268,"column":67}},"92":{"start":{"line":271,"column":25},"end":{"line":271,"column":null}},"93":{"start":{"line":271,"column":48},"end":{"line":271,"column":65}},"94":{"start":{"line":273,"column":3},"end":{"line":284,"column":null}},"95":{"start":{"line":275,"column":21},"end":{"line":278,"column":null}},"96":{"start":{"line":277,"column":39},"end":{"line":277,"column":98}},"97":{"start":{"line":280,"column":4},"end":{"line":283,"column":null}},"98":{"start":{"line":282,"column":5},"end":{"line":282,"column":null}},"99":{"start":{"line":288,"column":2},"end":{"line":300,"column":null}},"100":{"start":{"line":289,"column":23},"end":{"line":289,"column":null}},"101":{"start":{"line":290,"column":30},"end":{"line":293,"column":null}},"102":{"start":{"line":292,"column":33},"end":{"line":292,"column":66}},"103":{"start":{"line":295,"column":30},"end":{"line":295,"column":null}},"104":{"start":{"line":295,"column":64},"end":{"line":295,"column":81}},"105":{"start":{"line":297,"column":3},"end":{"line":299,"column":null}},"106":{"start":{"line":298,"column":4},"end":{"line":298,"column":null}},"107":{"start":{"line":302,"column":2},"end":{"line":302,"column":null}}},"fnMap":{"0":{"name":"(anonymous_0)","decl":{"start":{"line":19,"column":10},"end":{"line":19,"column":17}},"loc":{"start":{"line":19,"column":39},"end":{"line":73,"column":null}},"line":19},"1":{"name":"(anonymous_1)","decl":{"start":{"line":42,"column":32},"end":{"line":42,"column":37}},"loc":{"start":{"line":42,"column":37},"end":{"line":42,"column":94}},"line":42},"2":{"name":"(anonymous_2)","decl":{"start":{"line":52,"column":32},"end":{"line":52,"column":37}},"loc":{"start":{"line":52,"column":37},"end":{"line":52,"column":94}},"line":52},"3":{"name":"(anonymous_3)","decl":{"start":{"line":88,"column":10},"end":{"line":88,"column":17}},"loc":{"start":{"line":88,"column":43},"end":{"line":173,"column":null}},"line":88},"4":{"name":"(anonymous_4)","decl":{"start":{"line":99,"column":27},"end":{"line":99,"column":32}},"loc":{"start":{"line":99,"column":32},"end":{"line":99,"column":58}},"line":99},"5":{"name":"(anonymous_5)","decl":{"start":{"line":102,"column":37},"end":{"line":102,"column":38}},"loc":{"start":{"line":102,"column":47},"end":{"line":102,"column":64}},"line":102},"6":{"name":"(anonymous_6)","decl":{"start":{"line":111,"column":28},"end":{"line":111,"column":33}},"loc":{"start":{"line":111,"column":33},"end":{"line":111,"column":67}},"line":111},"7":{"name":"(anonymous_7)","decl":{"start":{"line":115,"column":36},"end":{"line":115,"column":41}},"loc":{"start":{"line":115,"column":41},"end":{"line":115,"column":46}},"line":115},"8":{"name":"(anonymous_8)","decl":{"start":{"line":121,"column":25},"end":{"line":121,"column":30}},"loc":{"start":{"line":121,"column":30},"end":{"line":121,"column":63}},"line":121},"9":{"name":"(anonymous_9)","decl":{"start":{"line":126,"column":26},"end":{"line":126,"column":31}},"loc":{"start":{"line":126,"column":31},"end":{"line":126,"column":64}},"line":126},"10":{"name":"(anonymous_10)","decl":{"start":{"line":126,"column":70},"end":{"line":126,"column":75}},"loc":{"start":{"line":126,"column":75},"end":{"line":126,"column":85}},"line":126},"11":{"name":"(anonymous_11)","decl":{"start":{"line":149,"column":32},"end":{"line":149,"column":37}},"loc":{"start":{"line":149,"column":37},"end":{"line":149,"column":74}},"line":149},"12":{"name":"(anonymous_12)","decl":{"start":{"line":155,"column":34},"end":{"line":155,"column":39}},"loc":{"start":{"line":155,"column":39},"end":{"line":155,"column":78}},"line":155},"13":{"name":"(anonymous_13)","decl":{"start":{"line":185,"column":10},"end":{"line":185,"column":17}},"loc":{"start":{"line":185,"column":39},"end":{"line":237,"column":null}},"line":185},"14":{"name":"(anonymous_14)","decl":{"start":{"line":195,"column":32},"end":{"line":195,"column":37}},"loc":{"start":{"line":195,"column":37},"end":{"line":195,"column":94}},"line":195},"15":{"name":"(anonymous_15)","decl":{"start":{"line":205,"column":27},"end":{"line":205,"column":32}},"loc":{"start":{"line":205,"column":32},"end":{"line":205,"column":58}},"line":205},"16":{"name":"(anonymous_16)","decl":{"start":{"line":214,"column":28},"end":{"line":214,"column":33}},"loc":{"start":{"line":214,"column":33},"end":{"line":214,"column":67}},"line":214},"17":{"name":"(anonymous_17)","decl":{"start":{"line":218,"column":36},"end":{"line":218,"column":41}},"loc":{"start":{"line":218,"column":41},"end":{"line":218,"column":46}},"line":218},"18":{"name":"(anonymous_18)","decl":{"start":{"line":224,"column":25},"end":{"line":224,"column":30}},"loc":{"start":{"line":224,"column":30},"end":{"line":224,"column":62}},"line":224},"19":{"name":"(anonymous_19)","decl":{"start":{"line":228,"column":52},"end":{"line":228,"column":57}},"loc":{"start":{"line":228,"column":57},"end":{"line":228,"column":90}},"line":228},"20":{"name":"(anonymous_20)","decl":{"start":{"line":228,"column":96},"end":{"line":228,"column":101}},"loc":{"start":{"line":228,"column":101},"end":{"line":228,"column":111}},"line":228},"21":{"name":"(anonymous_21)","decl":{"start":{"line":249,"column":10},"end":{"line":249,"column":17}},"loc":{"start":{"line":249,"column":39},"end":{"line":303,"column":null}},"line":249},"22":{"name":"(anonymous_22)","decl":{"start":{"line":259,"column":27},"end":{"line":259,"column":32}},"loc":{"start":{"line":259,"column":32},"end":{"line":259,"column":58}},"line":259},"23":{"name":"(anonymous_23)","decl":{"start":{"line":262,"column":37},"end":{"line":262,"column":38}},"loc":{"start":{"line":262,"column":47},"end":{"line":262,"column":64}},"line":262},"24":{"name":"(anonymous_24)","decl":{"start":{"line":268,"column":28},"end":{"line":268,"column":33}},"loc":{"start":{"line":268,"column":33},"end":{"line":268,"column":67}},"line":268},"25":{"name":"(anonymous_25)","decl":{"start":{"line":271,"column":38},"end":{"line":271,"column":39}},"loc":{"start":{"line":271,"column":48},"end":{"line":271,"column":65}},"line":271},"26":{"name":"(anonymous_26)","decl":{"start":{"line":277,"column":34},"end":{"line":277,"column":39}},"loc":{"start":{"line":277,"column":39},"end":{"line":277,"column":98}},"line":277},"27":{"name":"(anonymous_27)","decl":{"start":{"line":292,"column":28},"end":{"line":292,"column":33}},"loc":{"start":{"line":292,"column":33},"end":{"line":292,"column":66}},"line":292},"28":{"name":"(anonymous_28)","decl":{"start":{"line":295,"column":54},"end":{"line":295,"column":55}},"loc":{"start":{"line":295,"column":64},"end":{"line":295,"column":81}},"line":295}},"branchMap":{"0":{"loc":{"start":{"line":22,"column":2},"end":{"line":24,"column":null}},"type":"if","locations":[{"start":{"line":22,"column":2},"end":{"line":24,"column":null}},{"start":{},"end":{}}],"line":22},"1":{"loc":{"start":{"line":28,"column":2},"end":{"line":30,"column":null}},"type":"if","locations":[{"start":{"line":28,"column":2},"end":{"line":30,"column":null}},{"start":{},"end":{}}],"line":28},"2":{"loc":{"start":{"line":33,"column":2},"end":{"line":35,"column":null}},"type":"if","locations":[{"start":{"line":33,"column":2},"end":{"line":35,"column":null}},{"start":{},"end":{}}],"line":33},"3":{"loc":{"start":{"line":45,"column":2},"end":{"line":47,"column":null}},"type":"if","locations":[{"start":{"line":45,"column":2},"end":{"line":47,"column":null}},{"start":{},"end":{}}],"line":45},"4":{"loc":{"start":{"line":55,"column":2},"end":{"line":58,"column":null}},"type":"if","locations":[{"start":{"line":55,"column":2},"end":{"line":58,"column":null}},{"start":{},"end":{}}],"line":55},"5":{"loc":{"start":{"line":90,"column":2},"end":{"line":92,"column":null}},"type":"if","locations":[{"start":{"line":90,"column":2},"end":{"line":92,"column":null}},{"start":{},"end":{}}],"line":90},"6":{"loc":{"start":{"line":132,"column":26},"end":{"line":132,"column":null}},"type":"cond-expr","locations":[{"start":{"line":132,"column":45},"end":{"line":132,"column":97}},{"start":{"line":132,"column":97},"end":{"line":132,"column":null}}],"line":132},"7":{"loc":{"start":{"line":135,"column":22},"end":{"line":135,"column":null}},"type":"cond-expr","locations":[{"start":{"line":135,"column":48},"end":{"line":135,"column":61}},{"start":{"line":135,"column":61},"end":{"line":135,"column":null}}],"line":135},"8":{"loc":{"start":{"line":140,"column":7},"end":{"line":140,"column":null}},"type":"binary-expr","locations":[{"start":{"line":140,"column":7},"end":{"line":140,"column":36}},{"start":{"line":140,"column":36},"end":{"line":140,"column":null}}],"line":140},"9":{"loc":{"start":{"line":144,"column":2},"end":{"line":170,"column":null}},"type":"if","locations":[{"start":{"line":144,"column":2},"end":{"line":170,"column":null}},{"start":{},"end":{}}],"line":144},"10":{"loc":{"start":{"line":152,"column":22},"end":{"line":157,"column":null}},"type":"cond-expr","locations":[{"start":{"line":153,"column":6},"end":{"line":156,"column":null}},{"start":{"line":157,"column":6},"end":{"line":157,"column":null}}],"line":152},"11":{"loc":{"start":{"line":159,"column":3},"end":{"line":169,"column":null}},"type":"if","locations":[{"start":{"line":159,"column":3},"end":{"line":169,"column":null}},{"start":{},"end":{}}],"line":159},"12":{"loc":{"start":{"line":159,"column":7},"end":{"line":159,"column":37}},"type":"binary-expr","locations":[{"start":{"line":159,"column":7},"end":{"line":159,"column":17}},{"start":{"line":159,"column":17},"end":{"line":159,"column":25}},{"start":{"line":159,"column":25},"end":{"line":159,"column":37}}],"line":159},"13":{"loc":{"start":{"line":172,"column":41},"end":{"line":172,"column":61}},"type":"binary-expr","locations":[{"start":{"line":172,"column":41},"end":{"line":172,"column":56}},{"start":{"line":172,"column":56},"end":{"line":172,"column":61}}],"line":172},"14":{"loc":{"start":{"line":188,"column":2},"end":{"line":190,"column":null}},"type":"if","locations":[{"start":{"line":188,"column":2},"end":{"line":190,"column":null}},{"start":{},"end":{}}],"line":188},"15":{"loc":{"start":{"line":198,"column":2},"end":{"line":200,"column":null}},"type":"if","locations":[{"start":{"line":198,"column":2},"end":{"line":200,"column":null}},{"start":{},"end":{}}],"line":198},"16":{"loc":{"start":{"line":252,"column":2},"end":{"line":254,"column":null}},"type":"if","locations":[{"start":{"line":252,"column":2},"end":{"line":254,"column":null}},{"start":{},"end":{}}],"line":252},"17":{"loc":{"start":{"line":280,"column":4},"end":{"line":283,"column":null}},"type":"if","locations":[{"start":{"line":280,"column":4},"end":{"line":283,"column":null}},{"start":{},"end":{}}],"line":280},"18":{"loc":{"start":{"line":288,"column":2},"end":{"line":300,"column":null}},"type":"if","locations":[{"start":{"line":288,"column":2},"end":{"line":300,"column":null}},{"start":{},"end":{}}],"line":288},"19":{"loc":{"start":{"line":297,"column":3},"end":{"line":299,"column":null}},"type":"if","locations":[{"start":{"line":297,"column":3},"end":{"line":299,"column":null}},{"start":{},"end":{}}],"line":297}},"s":{"0":1,"1":7,"2":7,"3":1,"4":6,"5":6,"6":1,"7":5,"8":5,"9":1,"10":4,"11":4,"12":4,"13":4,"14":1,"15":3,"16":3,"17":3,"18":1,"19":2,"20":2,"21":2,"22":1,"23":7,"24":7,"25":1,"26":6,"27":6,"28":6,"29":6,"30":2,"31":6,"32":6,"33":6,"34":8,"35":8,"36":8,"37":8,"38":37,"39":6,"40":6,"41":6,"42":26,"43":26,"44":6,"45":6,"46":7,"47":7,"48":6,"49":3,"50":3,"51":3,"52":3,"53":3,"54":3,"55":0,"56":6,"57":1,"58":3,"59":3,"60":1,"61":2,"62":2,"63":2,"64":1,"65":1,"66":1,"67":1,"68":1,"69":1,"70":1,"71":1,"72":1,"73":1,"74":10,"75":1,"76":1,"77":1,"78":5,"79":5,"80":1,"81":1,"82":5,"83":5,"84":1,"85":4,"86":4,"87":4,"88":1,"89":4,"90":5,"91":5,"92":5,"93":17,"94":5,"95":15,"96":15,"97":15,"98":2,"99":2,"100":2,"101":2,"102":2,"103":2,"104":4,"105":2,"106":1,"107":1},"f":{"0":7,"1":4,"2":3,"3":7,"4":6,"5":2,"6":8,"7":37,"8":6,"9":26,"10":26,"11":3,"12":3,"13":3,"14":2,"15":1,"16":1,"17":10,"18":1,"19":5,"20":5,"21":5,"22":4,"23":1,"24":5,"25":17,"26":15,"27":2,"28":4},"b":{"0":[1,6],"1":[1,5],"2":[1,4],"3":[1,3],"4":[1,2],"5":[1,6],"6":[6,0],"7":[3,3],"8":[7,3],"9":[3,3],"10":[3,0],"11":[0,3],"12":[3,3,3],"13":[6,3],"14":[1,2],"15":[1,1],"16":[1,4],"17":[2,13],"18":[2,0],"19":[1,1]},"meta":{"lastBranch":20,"lastFunction":29,"lastStatement":108,"seen":{"s:15:13:74:Infinity":0,"f:19:10:19:17":0,"s:21:19:21:Infinity":1,"b:22:2:24:Infinity:undefined:undefined:undefined:undefined":0,"s:22:2:24:Infinity":2,"s:23:3:23:Infinity":3,"s:27:17:27:Infinity":4,"b:28:2:30:Infinity:undefined:undefined:undefined:undefined":1,"s:28:2:30:Infinity":5,"s:29:3:29:Infinity":6,"s:32:23:32:Infinity":7,"b:33:2:35:Infinity:undefined:undefined:undefined:undefined":2,"s:33:2:35:Infinity":8,"s:34:3:34:Infinity":9,"s:37:19:37:Infinity":10,"s:40:21:43:Infinity":11,"f:42:32:42:37":1,"s:42:37:42:94":12,"b:45:2:47:Infinity:undefined:undefined:undefined:undefined":3,"s:45:2:47:Infinity":13,"s:46:3:46:Infinity":14,"s:50:19:53:Infinity":15,"f:52:32:52:37":2,"s:52:37:52:94":16,"b:55:2:58:Infinity:undefined:undefined:undefined:undefined":4,"s:55:2:58:Infinity":17,"s:57:3:57:Infinity":18,"s:61:21:65:Infinity":19,"s:68:2:70:Infinity":20,"s:72:2:72:Infinity":21,"s:84:13:174:Infinity":22,"f:88:10:88:17":3,"s:89:21:89:Infinity":23,"b:90:2:92:Infinity:undefined:undefined:undefined:undefined":5,"s:90:2:92:Infinity":24,"s:91:3:91:Infinity":25,"s:94:19:94:Infinity":26,"s:97:18:100:Infinity":27,"f:99:27:99:32":4,"s:99:32:99:58":28,"s:102:24:102:Infinity":29,"f:102:37:102:38":5,"s:102:47:102:64":30,"s:105:21:105:Infinity":31,"s:106:33:106:Infinity":32,"s:108:2:116:Infinity":33,"s:109:19:112:Infinity":34,"f:111:28:111:33":6,"s:111:33:111:67":35,"s:114:3:114:Infinity":36,"s:115:3:115:Infinity":37,"f:115:36:115:41":7,"s:115:41:115:46":38,"s:119:26:122:Infinity":39,"f:121:25:121:30":8,"s:121:30:121:63":40,"s:125:29:127:Infinity":41,"f:126:26:126:31":9,"s:126:31:126:64":42,"f:126:70:126:75":10,"s:126:75:126:85":43,"s:129:25:129:Infinity":44,"s:132:26:132:Infinity":45,"b:132:45:132:97:132:97:132:Infinity":6,"s:135:22:135:Infinity":46,"b:135:48:135:61:135:61:135:Infinity":7,"s:138:2:141:Infinity":47,"b:140:7:140:36:140:36:140:Infinity":8,"b:144:2:170:Infinity:undefined:undefined:undefined:undefined":9,"s:144:2:170:Infinity":48,"s:146:18:146:Infinity":49,"s:147:16:150:Infinity":50,"f:149:32:149:37":11,"s:149:37:149:74":51,"s:152:22:157:Infinity":52,"b:153:6:156:Infinity:157:6:157:Infinity":10,"f:155:34:155:39":12,"s:155:39:155:78":53,"b:159:3:169:Infinity:undefined:undefined:undefined:undefined":11,"s:159:3:169:Infinity":54,"b:159:7:159:17:159:17:159:25:159:25:159:37":12,"s:160:4:168:Infinity":55,"s:172:2:172:Infinity":56,"b:172:41:172:56:172:56:172:61":13,"s:183:13:238:Infinity":57,"f:185:10:185:17":13,"s:187:19:187:Infinity":58,"b:188:2:190:Infinity:undefined:undefined:undefined:undefined":14,"s:188:2:190:Infinity":59,"s:189:3:189:Infinity":60,"s:193:21:196:Infinity":61,"f:195:32:195:37":14,"s:195:37:195:94":62,"b:198:2:200:Infinity:undefined:undefined:undefined:undefined":15,"s:198:2:200:Infinity":63,"s:199:3:199:Infinity":64,"s:203:18:206:Infinity":65,"f:205:27:205:32":15,"s:205:32:205:58":66,"s:208:21:208:Infinity":67,"s:209:33:209:Infinity":68,"s:211:2:219:Infinity":69,"s:212:19:215:Infinity":70,"f:214:28:214:33":16,"s:214:33:214:67":71,"s:217:3:217:Infinity":72,"s:218:3:218:Infinity":73,"f:218:36:218:41":17,"s:218:41:218:46":74,"s:222:26:225:Infinity":75,"f:224:25:224:30":18,"s:224:30:224:62":76,"s:228:29:228:Infinity":77,"f:228:52:228:57":19,"s:228:57:228:90":78,"f:228:96:228:101":20,"s:228:101:228:111":79,"s:230:2:236:Infinity":80,"s:247:13:304:Infinity":81,"f:249:10:249:17":21,"s:251:19:251:Infinity":82,"b:252:2:254:Infinity:undefined:undefined:undefined:undefined":16,"s:252:2:254:Infinity":83,"s:253:3:253:Infinity":84,"s:257:18:260:Infinity":85,"f:259:27:259:32":22,"s:259:32:259:58":86,"s:262:24:262:Infinity":87,"f:262:37:262:38":23,"s:262:47:262:64":88,"s:265:2:285:Infinity":89,"s:266:19:269:Infinity":90,"f:268:28:268:33":24,"s:268:33:268:67":91,"s:271:25:271:Infinity":92,"f:271:38:271:39":25,"s:271:48:271:65":93,"s:273:3:284:Infinity":94,"s:275:21:278:Infinity":95,"f:277:34:277:39":26,"s:277:39:277:98":96,"b:280:4:283:Infinity:undefined:undefined:undefined:undefined":17,"s:280:4:283:Infinity":97,"s:282:5:282:Infinity":98,"b:288:2:300:Infinity:undefined:undefined:undefined:undefined":18,"s:288:2:300:Infinity":99,"s:289:23:289:Infinity":100,"s:290:30:293:Infinity":101,"f:292:28:292:33":27,"s:292:33:292:66":102,"s:295:30:295:Infinity":103,"f:295:54:295:55":28,"s:295:64:295:81":104,"b:297:3:299:Infinity:undefined:undefined:undefined:undefined":19,"s:297:3:299:Infinity":105,"s:298:4:298:Infinity":106,"s:302:2:302:Infinity":107}}}
,"C:\\Users\\jchar\\Desktop\\doctrina-lms2\\convex\\schema.ts": {"path":"C:\\Users\\jchar\\Desktop\\doctrina-lms2\\convex\\schema.ts","statementMap":{"0":{"start":{"line":4,"column":26},"end":{"line":19,"column":null}}},"fnMap":{},"branchMap":{},"s":{"0":1},"f":{},"b":{},"meta":{"lastBranch":0,"lastFunction":0,"lastStatement":1,"seen":{"s:4:26:19:Infinity":0}}}
}
